<?xml version="1.0" encoding="UTF-8"?>
<!-- Generated by org.testng.reporters.JUnitReportReporter -->
<testsuite hostname="DESKTOP-JS54Q4M" failures="0" tests="1" name="FlipkartTestScript.flipkarttestScript" time="49.808" errors="0" timestamp="2023-06-29T12:32:02 IST" skipped="0">
  <testcase classname="FlipkartTestScript.flipkarttestScript" name="openFlipkart" time="49.808"/>
  <system-out/>
</testsuite> <!-- FlipkartTestScript.flipkarttestScript -->
